  Building Custom Rule C:/Users/Administrator/31401/Desktop/code_shiny/Daheng_dualcalib/samples/CMakeLists.txt
  CMake does not need to re-run because C:/Users/Administrator/31401/Desktop/code_shiny/Daheng_dualcalib/samples/build/CMakeFiles/generate.stamp is up-to-date.
  CameraController.cpp
E:\OpenCV\opencv320_VS2015\opencv\build\include\opencv2/core/mat.hpp(2586): warning C4819: 该文件包含不能在当前代码页(936)中表示的字符。请将该文件保存为 Unicode 格式以防止数据丢失
E:\OpenCV\opencv320_VS2015\opencv\build\include\opencv2/core/persistence.hpp : warning C4819: 该文件包含不能在当前代码页(936)中表示的字符。请将该文件保存为 Unicode 格式以防止数据丢失
E:\OpenCV\opencv320_VS2015\opencv\build\include\opencv2/core/utility.hpp : warning C4819: 该文件包含不能在当前代码页(936)中表示的字符。请将该文件保存为 Unicode 格式以防止数据丢失
E:\OpenCV\opencv320_VS2015\opencv\build\include\opencv2/core/utility.hpp : warning C4819: 该文件包含不能在当前代码页(936)中表示的字符。请将该文件保存为 Unicode 格式以防止数据丢失
c:\users\administrator\31401\desktop\code_shiny\daheng_dualcalib\CameraDevice.h : warning C4819: 该文件包含不能在当前代码页(936)中表示的字符。请将该文件保存为 Unicode 格式以防止数据丢失
e:\opencv\opencv320_vs2015\opencv\build\include\opencv2\flann\result_set.h(306): warning C4003: “max”宏的实参不足
e:\opencv\opencv320_vs2015\opencv\build\include\opencv2\flann\result_set.h(428): warning C4003: “max”宏的实参不足
e:\opencv\opencv320_vs2015\opencv\build\include\opencv2\flann\logger.h(66): warning C4996: 'fopen': This function or variable may be unsafe. Consider using fopen_s instead. To disable deprecation, use _CRT_SECURE_NO_WARNINGS. See online help for details.
  C:\Program Files (x86)\Windows Kits\10\Include\10.0.10240.0\ucrt\stdio.h(205): note: 参见“fopen”的声明
e:\opencv\opencv320_vs2015\opencv\build\include\opencv2\flann\lsh_index.h(203): warning C4003: “max”宏的实参不足
e:\opencv\opencv320_vs2015\opencv\build\include\opencv2\flann\lsh_index.h(269): warning C4003: “max”宏的实参不足
E:\OpenCV\opencv320_VS2015\opencv\build\include\opencv2/imgproc.hpp(592): warning C4819: 该文件包含不能在当前代码页(936)中表示的字符。请将该文件保存为 Unicode 格式以防止数据丢失
C:\Users\Administrator\31401\Desktop\code_shiny\Daheng_dualcalib\CameraController.cpp(450): warning C4018: “<”: 有符号/无符号不匹配
  CameraControllerSingle.cpp
E:\OpenCV\opencv320_VS2015\opencv\build\include\opencv2/core/mat.hpp(2586): warning C4819: 该文件包含不能在当前代码页(936)中表示的字符。请将该文件保存为 Unicode 格式以防止数据丢失
E:\OpenCV\opencv320_VS2015\opencv\build\include\opencv2/core/persistence.hpp : warning C4819: 该文件包含不能在当前代码页(936)中表示的字符。请将该文件保存为 Unicode 格式以防止数据丢失
E:\OpenCV\opencv320_VS2015\opencv\build\include\opencv2/core/utility.hpp : warning C4819: 该文件包含不能在当前代码页(936)中表示的字符。请将该文件保存为 Unicode 格式以防止数据丢失
E:\OpenCV\opencv320_VS2015\opencv\build\include\opencv2/core/utility.hpp : warning C4819: 该文件包含不能在当前代码页(936)中表示的字符。请将该文件保存为 Unicode 格式以防止数据丢失
c:\users\administrator\31401\desktop\code_shiny\daheng_dualcalib\CameraDevice.h : warning C4819: 该文件包含不能在当前代码页(936)中表示的字符。请将该文件保存为 Unicode 格式以防止数据丢失
e:\opencv\opencv320_vs2015\opencv\build\include\opencv2\flann\result_set.h(306): warning C4003: “max”宏的实参不足
e:\opencv\opencv320_vs2015\opencv\build\include\opencv2\flann\result_set.h(428): warning C4003: “max”宏的实参不足
e:\opencv\opencv320_vs2015\opencv\build\include\opencv2\flann\logger.h(66): warning C4996: 'fopen': This function or variable may be unsafe. Consider using fopen_s instead. To disable deprecation, use _CRT_SECURE_NO_WARNINGS. See online help for details.
  C:\Program Files (x86)\Windows Kits\10\Include\10.0.10240.0\ucrt\stdio.h(205): note: 参见“fopen”的声明
e:\opencv\opencv320_vs2015\opencv\build\include\opencv2\flann\lsh_index.h(203): warning C4003: “max”宏的实参不足
e:\opencv\opencv320_vs2015\opencv\build\include\opencv2\flann\lsh_index.h(269): warning C4003: “max”宏的实参不足
E:\OpenCV\opencv320_VS2015\opencv\build\include\opencv2/imgproc.hpp(592): warning C4819: 该文件包含不能在当前代码页(936)中表示的字符。请将该文件保存为 Unicode 格式以防止数据丢失
C:\Users\Administrator\31401\Desktop\code_shiny\Daheng_dualcalib\CameraControllerSingle.cpp(362): warning C4018: “<”: 有符号/无符号不匹配
  CameraDevice.cpp
c:\users\administrator\31401\desktop\code_shiny\daheng_dualcalib\CameraDevice.h : warning C4819: 该文件包含不能在当前代码页(936)中表示的字符。请将该文件保存为 Unicode 格式以防止数据丢失
E:\OpenCV\opencv320_VS2015\opencv\build\include\opencv2/core/mat.hpp(2586): warning C4819: 该文件包含不能在当前代码页(936)中表示的字符。请将该文件保存为 Unicode 格式以防止数据丢失
E:\OpenCV\opencv320_VS2015\opencv\build\include\opencv2/core/persistence.hpp : warning C4819: 该文件包含不能在当前代码页(936)中表示的字符。请将该文件保存为 Unicode 格式以防止数据丢失
E:\OpenCV\opencv320_VS2015\opencv\build\include\opencv2/core/utility.hpp : warning C4819: 该文件包含不能在当前代码页(936)中表示的字符。请将该文件保存为 Unicode 格式以防止数据丢失
E:\OpenCV\opencv320_VS2015\opencv\build\include\opencv2/core/utility.hpp : warning C4819: 该文件包含不能在当前代码页(936)中表示的字符。请将该文件保存为 Unicode 格式以防止数据丢失
e:\opencv\opencv320_vs2015\opencv\build\include\opencv2\flann\logger.h(66): warning C4996: 'fopen': This function or variable may be unsafe. Consider using fopen_s instead. To disable deprecation, use _CRT_SECURE_NO_WARNINGS. See online help for details.
  C:\Program Files (x86)\Windows Kits\10\Include\10.0.10240.0\ucrt\stdio.h(205): note: 参见“fopen”的声明
E:\OpenCV\opencv320_VS2015\opencv\build\include\opencv2/imgproc.hpp(592): warning C4819: 该文件包含不能在当前代码页(936)中表示的字符。请将该文件保存为 Unicode 格式以防止数据丢失
  main.cpp
E:\OpenCV\opencv320_VS2015\opencv\build\include\opencv2/core/mat.hpp(2586): warning C4819: 该文件包含不能在当前代码页(936)中表示的字符。请将该文件保存为 Unicode 格式以防止数据丢失
E:\OpenCV\opencv320_VS2015\opencv\build\include\opencv2/core/persistence.hpp : warning C4819: 该文件包含不能在当前代码页(936)中表示的字符。请将该文件保存为 Unicode 格式以防止数据丢失
E:\OpenCV\opencv320_VS2015\opencv\build\include\opencv2/core/utility.hpp : warning C4819: 该文件包含不能在当前代码页(936)中表示的字符。请将该文件保存为 Unicode 格式以防止数据丢失
E:\OpenCV\opencv320_VS2015\opencv\build\include\opencv2/core/utility.hpp : warning C4819: 该文件包含不能在当前代码页(936)中表示的字符。请将该文件保存为 Unicode 格式以防止数据丢失
c:\users\administrator\31401\desktop\code_shiny\daheng_dualcalib\CameraDevice.h : warning C4819: 该文件包含不能在当前代码页(936)中表示的字符。请将该文件保存为 Unicode 格式以防止数据丢失
e:\opencv\opencv320_vs2015\opencv\build\include\opencv2\flann\result_set.h(306): warning C4003: “max”宏的实参不足
e:\opencv\opencv320_vs2015\opencv\build\include\opencv2\flann\result_set.h(428): warning C4003: “max”宏的实参不足
e:\opencv\opencv320_vs2015\opencv\build\include\opencv2\flann\logger.h(66): warning C4996: 'fopen': This function or variable may be unsafe. Consider using fopen_s instead. To disable deprecation, use _CRT_SECURE_NO_WARNINGS. See online help for details.
  C:\Program Files (x86)\Windows Kits\10\Include\10.0.10240.0\ucrt\stdio.h(205): note: 参见“fopen”的声明
e:\opencv\opencv320_vs2015\opencv\build\include\opencv2\flann\lsh_index.h(203): warning C4003: “max”宏的实参不足
e:\opencv\opencv320_vs2015\opencv\build\include\opencv2\flann\lsh_index.h(269): warning C4003: “max”宏的实参不足
E:\OpenCV\opencv320_VS2015\opencv\build\include\opencv2/imgproc.hpp(592): warning C4819: 该文件包含不能在当前代码页(936)中表示的字符。请将该文件保存为 Unicode 格式以防止数据丢失
C:\Users\Administrator\31401\Desktop\code_shiny\Daheng_dualcalib\samples\main.cpp(269): warning C4244: “初始化”: 从“double”转换到“float”，可能丢失数据
  KJCalibration.cpp
E:\OpenCV\opencv320_VS2015\opencv\build\include\opencv2/core/mat.hpp(2586): warning C4819: 该文件包含不能在当前代码页(936)中表示的字符。请将该文件保存为 Unicode 格式以防止数据丢失
E:\OpenCV\opencv320_VS2015\opencv\build\include\opencv2/core/persistence.hpp : warning C4819: 该文件包含不能在当前代码页(936)中表示的字符。请将该文件保存为 Unicode 格式以防止数据丢失
E:\OpenCV\opencv320_VS2015\opencv\build\include\opencv2/core/utility.hpp : warning C4819: 该文件包含不能在当前代码页(936)中表示的字符。请将该文件保存为 Unicode 格式以防止数据丢失
E:\OpenCV\opencv320_VS2015\opencv\build\include\opencv2/core/utility.hpp : warning C4819: 该文件包含不能在当前代码页(936)中表示的字符。请将该文件保存为 Unicode 格式以防止数据丢失
e:\opencv\opencv320_vs2015\opencv\build\include\opencv2\flann\logger.h(66): warning C4996: 'fopen': This function or variable may be unsafe. Consider using fopen_s instead. To disable deprecation, use _CRT_SECURE_NO_WARNINGS. See online help for details.
  C:\Program Files (x86)\Windows Kits\10\Include\10.0.10240.0\ucrt\stdio.h(205): note: 参见“fopen”的声明
E:\OpenCV\opencv320_VS2015\opencv\build\include\opencv2/imgproc.hpp(592): warning C4819: 该文件包含不能在当前代码页(936)中表示的字符。请将该文件保存为 Unicode 格式以防止数据丢失
C:\Users\Administrator\31401\Desktop\code_shiny\Daheng_dualcalib\samples\KJCalibration.cpp(28): warning C4267: “初始化”: 从“size_t”转换到“int”，可能丢失数据
  正在生成代码...
  DualCalib_Camera.vcxproj -> C:\Users\Administrator\31401\Desktop\code_shiny\Daheng_dualcalib\samples\build\Debug\DualCalib_Camera.exe
  DualCalib_Camera.vcxproj -> C:/Users/Administrator/31401/Desktop/code_shiny/Daheng_dualcalib/samples/build/Debug/DualCalib_Camera.pdb (Full PDB)
